{"/Users/user/Desktop/task_1/src/App.js": {"path":"/Users/user/Desktop/task_1/src/App.js","statementMap":{"0":{"start":{"line":4,"column":12},"end":{"line":10,"column":1}},"1":{"start":{"line":5,"column":4},"end":{"line":9,"column":6}}},"fnMap":{"0":{"name":"(anonymous_0)","decl":{"start":{"line":4,"column":12},"end":{"line":4,"column":13}},"loc":{"start":{"line":4,"column":18},"end":{"line":10,"column":1}},"line":4}},"branchMap":{},"s":{"0":0,"1":0},"f":{"0":0},"b":{}}
,"/Users/user/Desktop/task_1/src/index.js": {"path":"/Users/user/Desktop/task_1/src/index.js","statementMap":{"0":{"start":{"line":7,"column":13},"end":{"line":7,"column":65}},"1":{"start":{"line":8,"column":0},"end":{"line":12,"column":2}},"2":{"start":{"line":14,"column":0},"end":{"line":14,"column":18}}},"fnMap":{},"branchMap":{},"s":{"0":0,"1":0,"2":0},"f":{},"b":{}}
,"/Users/user/Desktop/task_1/src/container/index.js": {"path":"/Users/user/Desktop/task_1/src/container/index.js","statementMap":{"0":{"start":{"line":7,"column":18},"end":{"line":10,"column":1}},"1":{"start":{"line":12,"column":14},"end":{"line":18,"column":1}},"2":{"start":{"line":20,"column":24},"end":{"line":27,"column":1}},"3":{"start":{"line":29,"column":17},"end":{"line":52,"column":1}},"4":{"start":{"line":30,"column":52},"end":{"line":30,"column":64}},"5":{"start":{"line":31,"column":34},"end":{"line":31,"column":49}},"6":{"start":{"line":32,"column":40},"end":{"line":32,"column":55}},"7":{"start":{"line":34,"column":4},"end":{"line":51,"column":6}}},"fnMap":{"0":{"name":"(anonymous_0)","decl":{"start":{"line":29,"column":17},"end":{"line":29,"column":18}},"loc":{"start":{"line":29,"column":23},"end":{"line":52,"column":1}},"line":29}},"branchMap":{"0":{"loc":{"start":{"line":42,"column":17},"end":{"line":48,"column":17}},"type":"cond-expr","locations":[{"start":{"line":43,"column":20},"end":{"line":43,"column":45}},{"start":{"line":44,"column":20},"end":{"line":48,"column":17}}],"line":42},"1":{"loc":{"start":{"line":44,"column":20},"end":{"line":48,"column":17}},"type":"cond-expr","locations":[{"start":{"line":45,"column":20},"end":{"line":45,"column":48}},{"start":{"line":47,"column":20},"end":{"line":47,"column":71}}],"line":44}},"s":{"0":1,"1":1,"2":1,"3":1,"4":7,"5":6,"6":6,"7":6},"f":{"0":7},"b":{"0":[3,3],"1":[0,3]},"_coverageSchema":"1a1c01bbd47fc00a2c39e90264f33305004495a9","hash":"874e7bc3db28ed784ae991e68ff4419300abf119"}
,"/Users/user/Desktop/task_1/src/container/component/ProductList.js": {"path":"/Users/user/Desktop/task_1/src/container/component/ProductList.js","statementMap":{"0":{"start":{"line":5,"column":19},"end":{"line":13,"column":1}},"1":{"start":{"line":15,"column":12},"end":{"line":20,"column":1}},"2":{"start":{"line":22,"column":14},"end":{"line":54,"column":1}},"3":{"start":{"line":56,"column":13},"end":{"line":82,"column":1}},"4":{"start":{"line":84,"column":20},"end":{"line":127,"column":1}},"5":{"start":{"line":85,"column":42},"end":{"line":85,"column":53}},"6":{"start":{"line":86,"column":25},"end":{"line":86,"column":26}},"7":{"start":{"line":88,"column":28},"end":{"line":90,"column":5}},"8":{"start":{"line":89,"column":8},"end":{"line":89,"column":33}},"9":{"start":{"line":92,"column":19},"end":{"line":92,"column":45}},"10":{"start":{"line":93,"column":28},"end":{"line":93,"column":81}},"11":{"start":{"line":94,"column":22},"end":{"line":94,"column":71}},"12":{"start":{"line":96,"column":4},"end":{"line":126,"column":6}},"13":{"start":{"line":100,"column":20},"end":{"line":108,"column":27}}},"fnMap":{"0":{"name":"(anonymous_0)","decl":{"start":{"line":84,"column":20},"end":{"line":84,"column":21}},"loc":{"start":{"line":84,"column":46},"end":{"line":127,"column":1}},"line":84},"1":{"name":"(anonymous_1)","decl":{"start":{"line":88,"column":28},"end":{"line":88,"column":29}},"loc":{"start":{"line":88,"column":46},"end":{"line":90,"column":5}},"line":88},"2":{"name":"(anonymous_2)","decl":{"start":{"line":99,"column":37},"end":{"line":99,"column":38}},"loc":{"start":{"line":100,"column":20},"end":{"line":108,"column":27}},"line":100}},"branchMap":{},"s":{"0":1,"1":1,"2":1,"3":1,"4":1,"5":4,"6":4,"7":4,"8":0,"9":4,"10":4,"11":4,"12":4,"13":0},"f":{"0":4,"1":0,"2":0},"b":{},"_coverageSchema":"1a1c01bbd47fc00a2c39e90264f33305004495a9","hash":"b9617e0d43f7173fb68029e38590fd633944f2d4"}
,"/Users/user/Desktop/task_1/src/container/filter/Filter.js": {"path":"/Users/user/Desktop/task_1/src/container/filter/Filter.js","statementMap":{"0":{"start":{"line":8,"column":16},"end":{"line":22,"column":1}},"1":{"start":{"line":18,"column":39},"end":{"line":18,"column":66}},"2":{"start":{"line":24,"column":15},"end":{"line":77,"column":1}},"3":{"start":{"line":79,"column":19},"end":{"line":87,"column":5}},"4":{"start":{"line":89,"column":20},"end":{"line":102,"column":1}},"5":{"start":{"line":104,"column":21},"end":{"line":116,"column":1}},"6":{"start":{"line":118,"column":20},"end":{"line":131,"column":1}},"7":{"start":{"line":133,"column":15},"end":{"line":266,"column":1}},"8":{"start":{"line":134,"column":34},"end":{"line":145,"column":6}},"9":{"start":{"line":135,"column":29},"end":{"line":135,"column":60}},"10":{"start":{"line":136,"column":8},"end":{"line":144,"column":10}},"11":{"start":{"line":147,"column":50},"end":{"line":147,"column":65}},"12":{"start":{"line":148,"column":29},"end":{"line":148,"column":54}},"13":{"start":{"line":150,"column":4},"end":{"line":152,"column":18}},"14":{"start":{"line":151,"column":8},"end":{"line":151,"column":65}},"15":{"start":{"line":154,"column":4},"end":{"line":179,"column":75}},"16":{"start":{"line":155,"column":8},"end":{"line":155,"column":25}},"17":{"start":{"line":156,"column":26},"end":{"line":176,"column":15}},"18":{"start":{"line":157,"column":27},"end":{"line":157,"column":35}},"19":{"start":{"line":159,"column":12},"end":{"line":171,"column":13}},"20":{"start":{"line":160,"column":16},"end":{"line":170,"column":19}},"21":{"start":{"line":161,"column":37},"end":{"line":161,"column":38}},"22":{"start":{"line":162,"column":20},"end":{"line":168,"column":21}},"23":{"start":{"line":163,"column":24},"end":{"line":163,"column":55}},"24":{"start":{"line":164,"column":27},"end":{"line":168,"column":21}},"25":{"start":{"line":165,"column":24},"end":{"line":165,"column":57}},"26":{"start":{"line":166,"column":27},"end":{"line":168,"column":21}},"27":{"start":{"line":167,"column":24},"end":{"line":167,"column":65}},"28":{"start":{"line":169,"column":20},"end":{"line":169,"column":82}},"29":{"start":{"line":173,"column":12},"end":{"line":173,"column":42}},"30":{"start":{"line":174,"column":12},"end":{"line":174,"column":30}},"31":{"start":{"line":175,"column":12},"end":{"line":175,"column":49}},"32":{"start":{"line":178,"column":8},"end":{"line":178,"column":45}},"33":{"start":{"line":178,"column":21},"end":{"line":178,"column":44}},"34":{"start":{"line":181,"column":25},"end":{"line":186,"column":5}},"35":{"start":{"line":182,"column":8},"end":{"line":185,"column":12}},"36":{"start":{"line":182,"column":37},"end":{"line":185,"column":9}},"37":{"start":{"line":188,"column":28},"end":{"line":193,"column":5}},"38":{"start":{"line":189,"column":8},"end":{"line":192,"column":12}},"39":{"start":{"line":189,"column":37},"end":{"line":192,"column":9}},"40":{"start":{"line":195,"column":23},"end":{"line":195,"column":69}},"41":{"start":{"line":196,"column":19},"end":{"line":196,"column":81}},"42":{"start":{"line":197,"column":24},"end":{"line":197,"column":61}},"43":{"start":{"line":199,"column":4},"end":{"line":265,"column":6}},"44":{"start":{"line":201,"column":41},"end":{"line":201,"column":77}},"45":{"start":{"line":211,"column":46},"end":{"line":211,"column":84}},"46":{"start":{"line":223,"column":46},"end":{"line":223,"column":81}},"47":{"start":{"line":235,"column":48},"end":{"line":235,"column":91}},"48":{"start":{"line":238,"column":48},"end":{"line":238,"column":91}},"49":{"start":{"line":244,"column":44},"end":{"line":244,"column":87}},"50":{"start":{"line":251,"column":50},"end":{"line":251,"column":86}}},"fnMap":{"0":{"name":"(anonymous_0)","decl":{"start":{"line":18,"column":19},"end":{"line":18,"column":20}},"loc":{"start":{"line":18,"column":39},"end":{"line":18,"column":66}},"line":18},"1":{"name":"(anonymous_1)","decl":{"start":{"line":133,"column":15},"end":{"line":133,"column":16}},"loc":{"start":{"line":133,"column":71},"end":{"line":266,"column":1}},"line":133},"2":{"name":"(anonymous_2)","decl":{"start":{"line":134,"column":43},"end":{"line":134,"column":44}},"loc":{"start":{"line":134,"column":49},"end":{"line":145,"column":5}},"line":134},"3":{"name":"(anonymous_3)","decl":{"start":{"line":150,"column":14},"end":{"line":150,"column":15}},"loc":{"start":{"line":150,"column":20},"end":{"line":152,"column":5}},"line":150},"4":{"name":"(anonymous_4)","decl":{"start":{"line":154,"column":14},"end":{"line":154,"column":15}},"loc":{"start":{"line":154,"column":20},"end":{"line":179,"column":5}},"line":154},"5":{"name":"(anonymous_5)","decl":{"start":{"line":156,"column":37},"end":{"line":156,"column":38}},"loc":{"start":{"line":156,"column":43},"end":{"line":176,"column":9}},"line":156},"6":{"name":"(anonymous_6)","decl":{"start":{"line":160,"column":41},"end":{"line":160,"column":42}},"loc":{"start":{"line":160,"column":51},"end":{"line":170,"column":17}},"line":160},"7":{"name":"(anonymous_7)","decl":{"start":{"line":178,"column":15},"end":{"line":178,"column":16}},"loc":{"start":{"line":178,"column":21},"end":{"line":178,"column":44}},"line":178},"8":{"name":"(anonymous_8)","decl":{"start":{"line":181,"column":25},"end":{"line":181,"column":26}},"loc":{"start":{"line":181,"column":42},"end":{"line":186,"column":5}},"line":181},"9":{"name":"(anonymous_9)","decl":{"start":{"line":182,"column":19},"end":{"line":182,"column":20}},"loc":{"start":{"line":182,"column":37},"end":{"line":185,"column":9}},"line":182},"10":{"name":"(anonymous_10)","decl":{"start":{"line":188,"column":28},"end":{"line":188,"column":29}},"loc":{"start":{"line":188,"column":34},"end":{"line":193,"column":5}},"line":188},"11":{"name":"(anonymous_11)","decl":{"start":{"line":189,"column":19},"end":{"line":189,"column":20}},"loc":{"start":{"line":189,"column":37},"end":{"line":192,"column":9}},"line":189},"12":{"name":"(anonymous_12)","decl":{"start":{"line":201,"column":35},"end":{"line":201,"column":36}},"loc":{"start":{"line":201,"column":41},"end":{"line":201,"column":77}},"line":201},"13":{"name":"(anonymous_13)","decl":{"start":{"line":211,"column":34},"end":{"line":211,"column":35}},"loc":{"start":{"line":211,"column":46},"end":{"line":211,"column":84}},"line":211},"14":{"name":"(anonymous_14)","decl":{"start":{"line":223,"column":34},"end":{"line":223,"column":35}},"loc":{"start":{"line":223,"column":46},"end":{"line":223,"column":81}},"line":223},"15":{"name":"(anonymous_15)","decl":{"start":{"line":235,"column":41},"end":{"line":235,"column":42}},"loc":{"start":{"line":235,"column":48},"end":{"line":235,"column":91}},"line":235},"16":{"name":"(anonymous_16)","decl":{"start":{"line":238,"column":41},"end":{"line":238,"column":42}},"loc":{"start":{"line":238,"column":48},"end":{"line":238,"column":91}},"line":238},"17":{"name":"(anonymous_17)","decl":{"start":{"line":244,"column":37},"end":{"line":244,"column":38}},"loc":{"start":{"line":244,"column":44},"end":{"line":244,"column":87}},"line":244},"18":{"name":"(anonymous_18)","decl":{"start":{"line":251,"column":38},"end":{"line":251,"column":39}},"loc":{"start":{"line":251,"column":50},"end":{"line":251,"column":86}},"line":251}},"branchMap":{"0":{"loc":{"start":{"line":18,"column":39},"end":{"line":18,"column":66}},"type":"cond-expr","locations":[{"start":{"line":18,"column":51},"end":{"line":18,"column":57}},{"start":{"line":18,"column":60},"end":{"line":18,"column":66}}],"line":18},"1":{"loc":{"start":{"line":136,"column":15},"end":{"line":144,"column":9}},"type":"cond-expr","locations":[{"start":{"line":136,"column":30},"end":{"line":136,"column":54}},{"start":{"line":136,"column":57},"end":{"line":144,"column":9}}],"line":136},"2":{"loc":{"start":{"line":159,"column":12},"end":{"line":171,"column":13}},"type":"if","locations":[{"start":{"line":159,"column":12},"end":{"line":171,"column":13}},{"start":{},"end":{}}],"line":159},"3":{"loc":{"start":{"line":162,"column":20},"end":{"line":168,"column":21}},"type":"if","locations":[{"start":{"line":162,"column":20},"end":{"line":168,"column":21}},{"start":{"line":164,"column":27},"end":{"line":168,"column":21}}],"line":162},"4":{"loc":{"start":{"line":164,"column":27},"end":{"line":168,"column":21}},"type":"if","locations":[{"start":{"line":164,"column":27},"end":{"line":168,"column":21}},{"start":{"line":166,"column":27},"end":{"line":168,"column":21}}],"line":164},"5":{"loc":{"start":{"line":166,"column":27},"end":{"line":168,"column":21}},"type":"if","locations":[{"start":{"line":166,"column":27},"end":{"line":168,"column":21}},{"start":{},"end":{}}],"line":166},"6":{"loc":{"start":{"line":169,"column":27},"end":{"line":169,"column":81}},"type":"cond-expr","locations":[{"start":{"line":169,"column":57},"end":{"line":169,"column":67}},{"start":{"line":169,"column":70},"end":{"line":169,"column":81}}],"line":169},"7":{"loc":{"start":{"line":191,"column":23},"end":{"line":191,"column":71}},"type":"cond-expr","locations":[{"start":{"line":191,"column":57},"end":{"line":191,"column":63}},{"start":{"line":191,"column":66},"end":{"line":191,"column":71}}],"line":191},"8":{"loc":{"start":{"line":202,"column":17},"end":{"line":202,"column":66}},"type":"cond-expr","locations":[{"start":{"line":202,"column":35},"end":{"line":202,"column":49}},{"start":{"line":202,"column":52},"end":{"line":202,"column":66}}],"line":202},"9":{"loc":{"start":{"line":259,"column":29},"end":{"line":259,"column":68}},"type":"cond-expr","locations":[{"start":{"line":259,"column":59},"end":{"line":259,"column":62}},{"start":{"line":259,"column":65},"end":{"line":259,"column":68}}],"line":259}},"s":{"0":1,"1":9,"2":1,"3":1,"4":1,"5":1,"6":1,"7":1,"8":9,"9":6,"10":6,"11":9,"12":9,"13":9,"14":6,"15":9,"16":6,"17":6,"18":0,"19":0,"20":0,"21":0,"22":0,"23":0,"24":0,"25":0,"26":0,"27":0,"28":0,"29":0,"30":0,"31":0,"32":6,"33":6,"34":9,"35":0,"36":0,"37":9,"38":0,"39":0,"40":9,"41":9,"42":9,"43":9,"44":0,"45":0,"46":0,"47":0,"48":0,"49":0,"50":0},"f":{"0":9,"1":9,"2":6,"3":6,"4":6,"5":0,"6":0,"7":6,"8":0,"9":0,"10":0,"11":0,"12":0,"13":0,"14":0,"15":0,"16":0,"17":0,"18":0},"b":{"0":[0,9],"1":[5,1],"2":[0,0],"3":[0,0],"4":[0,0],"5":[0,0],"6":[0,0],"7":[0,0],"8":[0,9],"9":[9,0]},"_coverageSchema":"1a1c01bbd47fc00a2c39e90264f33305004495a9","hash":"26b943beaf21b737dc7163ae488ec39efe3cad5a"}
,"/Users/user/Desktop/task_1/src/data/mockData.js": {"path":"/Users/user/Desktop/task_1/src/data/mockData.js","statementMap":{"0":{"start":{"line":1,"column":17},"end":{"line":52,"column":1}}},"fnMap":{},"branchMap":{},"s":{"0":1},"f":{},"b":{},"_coverageSchema":"1a1c01bbd47fc00a2c39e90264f33305004495a9","hash":"d09eb089f5b78a9cc9cdb1d4c11ae796fafe773a"}
,"/Users/user/Desktop/task_1/src/hook/useDebounce.js": {"path":"/Users/user/Desktop/task_1/src/hook/useDebounce.js","statementMap":{"0":{"start":{"line":3,"column":20},"end":{"line":17,"column":1}},"1":{"start":{"line":4,"column":48},"end":{"line":4,"column":63}},"2":{"start":{"line":6,"column":4},"end":{"line":14,"column":23}},"3":{"start":{"line":7,"column":24},"end":{"line":9,"column":17}},"4":{"start":{"line":8,"column":12},"end":{"line":8,"column":37}},"5":{"start":{"line":11,"column":8},"end":{"line":13,"column":10}},"6":{"start":{"line":12,"column":12},"end":{"line":12,"column":34}},"7":{"start":{"line":16,"column":4},"end":{"line":16,"column":26}}},"fnMap":{"0":{"name":"(anonymous_0)","decl":{"start":{"line":3,"column":20},"end":{"line":3,"column":21}},"loc":{"start":{"line":3,"column":38},"end":{"line":17,"column":1}},"line":3},"1":{"name":"(anonymous_1)","decl":{"start":{"line":6,"column":14},"end":{"line":6,"column":15}},"loc":{"start":{"line":6,"column":20},"end":{"line":14,"column":5}},"line":6},"2":{"name":"(anonymous_2)","decl":{"start":{"line":7,"column":35},"end":{"line":7,"column":36}},"loc":{"start":{"line":7,"column":41},"end":{"line":9,"column":9}},"line":7},"3":{"name":"(anonymous_3)","decl":{"start":{"line":11,"column":15},"end":{"line":11,"column":16}},"loc":{"start":{"line":11,"column":21},"end":{"line":13,"column":9}},"line":11}},"branchMap":{},"s":{"0":1,"1":9,"2":9,"3":6,"4":0,"5":6,"6":6,"7":9},"f":{"0":9,"1":6,"2":0,"3":6},"b":{},"_coverageSchema":"1a1c01bbd47fc00a2c39e90264f33305004495a9","hash":"bc6963c7c56f5e8b4e247890e3c9b6be3dcf52d9"}
}
