TN:
SF:src/App.js
FN:4,(anonymous_0)
FNF:1
FNH:0
FNDA:0,(anonymous_0)
DA:4,0
DA:5,0
LF:2
LH:0
BRF:0
BRH:0
end_of_record
TN:
SF:src/index.js
FNF:0
FNH:0
DA:7,0
DA:8,0
DA:14,0
LF:3
LH:0
BRF:0
BRH:0
end_of_record
TN:
SF:src/container/index.js
FN:29,(anonymous_0)
FNF:1
FNH:1
FNDA:7,(anonymous_0)
DA:7,1
DA:12,1
DA:20,1
DA:29,1
DA:30,7
DA:31,6
DA:32,6
DA:34,6
LF:8
LH:8
BRDA:42,0,0,3
BRDA:42,0,1,3
BRDA:44,1,0,0
BRDA:44,1,1,3
BRF:4
BRH:3
end_of_record
TN:
SF:src/container/component/ProductList.js
FN:84,(anonymous_0)
FN:88,(anonymous_1)
FN:99,(anonymous_2)
FNF:3
FNH:1
FNDA:4,(anonymous_0)
FNDA:0,(anonymous_1)
FNDA:0,(anonymous_2)
DA:5,1
DA:15,1
DA:22,1
DA:56,1
DA:84,1
DA:85,4
DA:86,4
DA:88,4
DA:89,0
DA:92,4
DA:93,4
DA:94,4
DA:96,4
DA:100,0
LF:14
LH:12
BRF:0
BRH:0
end_of_record
TN:
SF:src/container/filter/Filter.js
FN:18,(anonymous_0)
FN:133,(anonymous_1)
FN:134,(anonymous_2)
FN:150,(anonymous_3)
FN:154,(anonymous_4)
FN:156,(anonymous_5)
FN:160,(anonymous_6)
FN:178,(anonymous_7)
FN:181,(anonymous_8)
FN:182,(anonymous_9)
FN:188,(anonymous_10)
FN:189,(anonymous_11)
FN:201,(anonymous_12)
FN:211,(anonymous_13)
FN:223,(anonymous_14)
FN:235,(anonymous_15)
FN:238,(anonymous_16)
FN:244,(anonymous_17)
FN:251,(anonymous_18)
FNF:19
FNH:6
FNDA:9,(anonymous_0)
FNDA:9,(anonymous_1)
FNDA:6,(anonymous_2)
FNDA:6,(anonymous_3)
FNDA:6,(anonymous_4)
FNDA:0,(anonymous_5)
FNDA:0,(anonymous_6)
FNDA:6,(anonymous_7)
FNDA:0,(anonymous_8)
FNDA:0,(anonymous_9)
FNDA:0,(anonymous_10)
FNDA:0,(anonymous_11)
FNDA:0,(anonymous_12)
FNDA:0,(anonymous_13)
FNDA:0,(anonymous_14)
FNDA:0,(anonymous_15)
FNDA:0,(anonymous_16)
FNDA:0,(anonymous_17)
FNDA:0,(anonymous_18)
DA:8,1
DA:18,9
DA:24,1
DA:79,1
DA:89,1
DA:104,1
DA:118,1
DA:133,1
DA:134,9
DA:135,6
DA:136,6
DA:147,9
DA:148,9
DA:150,9
DA:151,6
DA:154,9
DA:155,6
DA:156,6
DA:157,0
DA:159,0
DA:160,0
DA:161,0
DA:162,0
DA:163,0
DA:164,0
DA:165,0
DA:166,0
DA:167,0
DA:169,0
DA:173,0
DA:174,0
DA:175,0
DA:178,6
DA:181,9
DA:182,0
DA:188,9
DA:189,0
DA:195,9
DA:196,9
DA:197,9
DA:199,9
DA:201,0
DA:211,0
DA:223,0
DA:235,0
DA:238,0
DA:244,0
DA:251,0
LF:48
LH:25
BRDA:18,0,0,0
BRDA:18,0,1,9
BRDA:136,1,0,5
BRDA:136,1,1,1
BRDA:159,2,0,0
BRDA:159,2,1,0
BRDA:162,3,0,0
BRDA:162,3,1,0
BRDA:164,4,0,0
BRDA:164,4,1,0
BRDA:166,5,0,0
BRDA:166,5,1,0
BRDA:169,6,0,0
BRDA:169,6,1,0
BRDA:191,7,0,0
BRDA:191,7,1,0
BRDA:202,8,0,0
BRDA:202,8,1,9
BRDA:259,9,0,9
BRDA:259,9,1,0
BRF:20
BRH:5
end_of_record
TN:
SF:src/data/mockData.js
FNF:0
FNH:0
DA:1,1
LF:1
LH:1
BRF:0
BRH:0
end_of_record
TN:
SF:src/hook/useDebounce.js
FN:3,(anonymous_0)
FN:6,(anonymous_1)
FN:7,(anonymous_2)
FN:11,(anonymous_3)
FNF:4
FNH:3
FNDA:9,(anonymous_0)
FNDA:6,(anonymous_1)
FNDA:0,(anonymous_2)
FNDA:6,(anonymous_3)
DA:3,1
DA:4,9
DA:6,9
DA:7,6
DA:8,0
DA:11,6
DA:12,6
DA:16,9
LF:8
LH:7
BRF:0
BRH:0
end_of_record
